<?xml version="1.0" encoding="UTF-8"?>
<!-- Generated by org.testng.reporters.JUnitReportReporter -->
<testsuite hostname="DESKTOP-F1FC5DH" failures="0" tests="1" name="com.reach.testCases.CompaniesTest" time="12.127" errors="0" timestamp="2022-03-22T09:25:52 GMT" skipped="0">
  <testcase classname="com.reach.testCases.CompaniesTest" name="getCompaniesDetails" time="12.127"/>
  <system-out/>
</testsuite> <!-- com.reach.testCases.CompaniesTest -->
